Arguments: 
  D:\Node\node.exe C:\Program Files (x86)\Yarn\bin\yarn.js

PATH: 
  C:\ProgramData\Oracle\Java\javapath;C:\Windows\system32;C:\Windows;C:\Windows\System32\Wbem;C:\Windows\System32\WindowsPowerShell\v1.0\;D:\Redis\;C:\Program Files\Git\cmd;C:\Program Files (x86)\Yarn\bin;C:\ProgramData\chocolatey\bin;C:\Program Files\Emscripten\emscripten\1.35.0;C:\Program Files\Emscripten;C:\Program Files\Emscripten\clang\e1.35.0_64bit;C:\Program Files\Emscripten\node\0.12.2_64bit;C:\Program Files\Emscripten\python\2.7.5.3_64bit;C:\Program Files\Emscripten\java\7.45_64bit\bin;C:\Program Files\Emscripten\crunch\1.03;C:\Program Files\Emscripten\mingw\4.6.2_32bit;D:\Node\;D:\mingw\bin;C:\Users\hzzmy\AppData\Local\Programs\Python\Python36-32\Scripts\;C:\Users\hzzmy\AppData\Local\Programs\Python\Python36-32\;D:\JAVA\jdk1.8.0_121\bin;D:\JAVA\jdk1.8.0_121\jre\bin;C:\Program Files\ConEmu;D:\nginx-1.11.6;C:\Program Files\MongoDB\Server\3.4\bin;D:\Microsoft VS Code\bin;C:\Users\hzzmy\AppData\Local\Yarn\.bin;D:\Docker Toolbox;C:\Users\hzzmy\AppData\Roaming\npm;D:\mingw\bin;

Yarn version: 
  0.21.3

Node version: 
  8.2.1

Platform: 
  win32 x64

npm manifest: 
  {
    "name": "angular-admin",
    "version": "0.0.0",
    "license": "MIT",
    "scripts": {
      "ng": "ng",
      "start": "ng serve -o",
      "build": "ng build --prod --aot",
      "test": "ng test",
      "lint": "ng lint",
      "e2e": "ng e2e",
      "publish": "node publish"
    },
    "private": true,
    "dependencies": {
      "@angular/animations": "^4.3.5",
      "@angular/cdk": "^2.0.0-beta.8",
      "@angular/common": "^4.3.5",
      "@angular/compiler": "^4.3.5",
      "@angular/compiler-cli": "^4.3.5",
      "@angular/core": "^4.3.5",
      "@angular/forms": "^4.3.5",
      "@angular/http": "^4.3.5",
      "@angular/material": "^2.0.0-beta.8",
      "@angular/platform-browser": "^4.3.5",
      "@angular/platform-browser-dynamic": "^4.3.5",
      "@angular/platform-server": "^4.3.5",
      "@angular/router": "^4.3.5",
      "angular2-notifications": "^0.7.7",
      "bootstrap": "^3.3.7",
      "core-js": "^2.4.1",
      "font-awesome": "^4.7.0",
      "rxjs": "^5.4.1",
      "typescript": "^2.4.2",
      "zone.js": "^0.8.14"
    },
    "devDependencies": {
      "@angular/cli": "^1.3.0",
      "@angular/compiler-cli": "^4.3.5",
      "@angular/language-service": "^4.3.5",
      "@types/jasmine": "~2.5.53",
      "@types/jasminewd2": "~2.0.2",
      "@types/node": "~6.0.60",
      "codelyzer": "~3.0.1",
      "gh-pages": "^1.0.0",
      "jasmine-core": "~2.6.2",
      "jasmine-spec-reporter": "~4.1.0",
      "karma": "~1.7.0",
      "karma-chrome-launcher": "~2.1.1",
      "karma-cli": "~1.0.1",
      "karma-coverage-istanbul-reporter": "^1.2.1",
      "karma-jasmine": "~1.1.0",
      "karma-jasmine-html-reporter": "^0.2.2",
      "protractor": "~5.1.2",
      "ts-node": "~3.0.4",
      "tslint": "~5.3.2",
      "typescript": "~2.3.3"
    }
  }

yarn manifest: 
  No manifest

Lockfile: 
  No lockfile

Trace: 
  Error: EEXIST: file already exists, mkdir 'E:\MyDemo\Angular2-Demo\Angular-admin\node_modules\@angular-devkit\build-optimizer'
